[debug] [2021-04-04T18:49:26.869Z] ----------------------------------------------------------------------
[debug] [2021-04-04T18:49:26.871Z] Command:       A:\Program Files(A)\nodejss\node.exe C:\Users\Ajits\AppData\Roaming\npm\node_modules\firebase-tools\lib\bin\firebase.js init
[debug] [2021-04-04T18:49:26.872Z] CLI Version:   9.8.0
[debug] [2021-04-04T18:49:26.872Z] Platform:      win32
[debug] [2021-04-04T18:49:26.872Z] Node Version:  v12.18.2
[debug] [2021-04-04T18:49:26.873Z] Time:          Sun Apr 04 2021 14:49:26 GMT-0400 (Eastern Daylight Time)
[debug] [2021-04-04T18:49:26.874Z] ----------------------------------------------------------------------
[debug] 
[debug] [2021-04-04T18:49:26.889Z] > command requires scopes: ["email","openid","https://www.googleapis.com/auth/cloudplatformprojects.readonly","https://www.googleapis.com/auth/firebase","https://www.googleapis.com/auth/cloud-platform"]
[debug] [2021-04-04T18:49:26.890Z] > authorizing via signed-in user
[info] 
     ######## #### ########  ######## ########     ###     ######  ########
     ##        ##  ##     ## ##       ##     ##  ##   ##  ##       ##
     ######    ##  ########  ######   ########  #########  ######  ######
     ##        ##  ##    ##  ##       ##     ## ##     ##       ## ##
     ##       #### ##     ## ######## ########  ##     ##  ######  ########

You're about to initialize a Firebase project in this directory:

  A:\Semester4\ReactApps\redux-tutorial

Before we get started, keep in mind:

  * You are initializing in an existing Firebase project directory

